TN:tests
SF:/home/DZ1/io/skyscraperio.c
FN:20,input
FNDA:10,input
FN:152,input_scyscraper
FNDA:62,input_scyscraper
FN:205,output_scyscrapers_in_file
FNDA:4,output_scyscrapers_in_file
FN:215,cpy
FNDA:216,cpy
FN:251,group_by_region
FNDA:7,group_by_region
FN:263,group_by_purpose
FNDA:5,group_by_purpose
FN:283,swap
FNDA:71,swap
FN:297,free_skyscrapers
FNDA:4,free_skyscrapers
DA:20,10
DA:21,10
DA:22,2
DA:23,2
DA:26,8
DA:28,8
DA:29,8
DA:30,8
DA:31,8
DA:32,8
DA:34,8
DA:35,8
DA:36,8
DA:37,58
DA:39,51
DA:40,51
DA:41,51
DA:43,51
DA:44,1
DA:47,50
DA:48,0
DA:51,50
DA:52,0
DA:56,50
DA:57,0
DA:58,0
DA:61,50
DA:62,0
DA:63,0
DA:66,50
DA:67,0
DA:68,0
DA:72,50
DA:73,50
DA:74,50
DA:76,50
DA:77,0
DA:80,50
DA:81,50
DA:82,548
DA:83,498
DA:84,498
DA:86,498
DA:87,0
DA:88,0
DA:91,498
DA:93,498
DA:94,0
DA:95,0
DA:98,498
DA:101,50
DA:102,0
DA:103,0
DA:107,50
DA:108,50
DA:109,50
DA:111,50
DA:112,0
DA:115,50
DA:116,50
DA:117,389
DA:118,339
DA:119,339
DA:121,339
DA:122,0
DA:123,0
DA:126,339
DA:128,339
DA:129,0
DA:130,0
DA:133,339
DA:136,50
DA:137,0
DA:138,0
DA:141,50
DA:142,50
DA:145,50
DA:146,50
DA:149,7
DA:152,62
DA:155,62
DA:156,1
DA:159,61
DA:160,61
DA:161,61
DA:163,61
DA:164,3
DA:165,3
DA:168,58
DA:171,58
DA:172,0
DA:173,0
DA:175,0
DA:176,0
DA:179,58
DA:180,2
DA:181,2
DA:184,56
DA:187,56
DA:188,0
DA:189,0
DA:190,0
DA:192,0
DA:193,0
DA:196,56
DA:197,56
DA:199,56
DA:200,56
DA:202,56
DA:205,4
DA:206,4
DA:207,47
DA:208,43
DA:209,43
DA:211,4
DA:212,4
DA:215,216
DA:216,216
DA:217,2
DA:220,214
DA:221,214
DA:222,214
DA:224,214
DA:225,214
DA:227,214
DA:228,214
DA:229,0
DA:230,0
DA:231,0
DA:232,0
DA:234,214
DA:235,214
DA:237,214
DA:238,214
DA:239,0
DA:240,0
DA:241,0
DA:242,0
DA:243,0
DA:245,214
DA:246,214
DA:248,214
DA:251,7
DA:252,14
DA:253,44
DA:254,37
DA:255,34
DA:256,34
DA:260,7
DA:263,5
DA:264,5
DA:265,5
DA:266,12
DA:267,7
DA:268,83
DA:269,76
DA:270,37
DA:271,37
DA:274,7
DA:276,7
DA:277,7
DA:280,5
DA:283,71
DA:284,71
DA:285,71
DA:286,71
DA:288,71
DA:289,71
DA:290,71
DA:292,71
DA:293,71
DA:294,71
DA:295,71
DA:297,4
DA:298,47
DA:299,43
DA:300,43
DA:303,4
DA:304,4
end_of_record
